<?xml version="1.0" encoding="UTF-8"?>
<!-- Generated by org.testng.reporters.JUnitReportReporter -->
<testsuite skipped="0" hostname="Prem4341" name="test_fbLoging.TC1_LoginWithInvalidPass" tests="1" failures="0" timestamp="28 Oct 2018 01:55:09 GMT" time="2.034" errors="0">
  <testcase name="fbLoginWithInvalidPassword" time="2.034" classname="test_fbLoging.TC1_LoginWithInvalidPass"/>
</testsuite> <!-- test_fbLoging.TC1_LoginWithInvalidPass -->
